\BOOKMARK [0][-]{chapter*.2}{Glossaire}{}% 1
\BOOKMARK [0][-]{chapter*.5}{Introduction}{}% 2
\BOOKMARK [0][-]{chapter.1}{Freepod et ses applications}{}% 3
\BOOKMARK [1][-]{section.1.1}{Pr\351sentation de Freepod et objectifs des applications mobiles}{chapter.1}% 4
\BOOKMARK [1][-]{section.1.2}{Fonctionnalit\351s attendues}{chapter.1}% 5
\BOOKMARK [1][-]{section.1.3}{Architecture du projet \(Web Service et application\)}{chapter.1}% 6
\BOOKMARK [2][-]{subsection.1.3.1}{Le web-service}{section.1.3}% 7
\BOOKMARK [2][-]{subsection.1.3.2}{Application iOS}{section.1.3}% 8
\BOOKMARK [0][-]{chapter.2}{Le SDK iOS et Objective-C}{}% 9
\BOOKMARK [1][-]{section.2.1}{Pr\351sentation d'Objective-C}{chapter.2}% 10
\BOOKMARK [2][-]{subsection.2.1.1}{Historique}{section.2.1}% 11
\BOOKMARK [2][-]{subsection.2.1.2}{Sp\351cificit\351s du langage}{section.2.1}% 12
\BOOKMARK [1][-]{section.2.2}{Le SDK iOS}{chapter.2}% 13
\BOOKMARK [2][-]{subsection.2.2.1}{iOS Developer Library}{section.2.2}% 14
\BOOKMARK [2][-]{subsection.2.2.2}{La distribution des applications sur l\220AppStore}{section.2.2}% 15
\BOOKMARK [1][-]{section.2.3}{Environnement de travail}{chapter.2}% 16
\BOOKMARK [2][-]{subsection.2.3.1}{xCode 4}{section.2.3}% 17
\BOOKMARK [0][-]{chapter.3}{D\351veloppement, limites du projet et \351volutions futures}{}% 18
\BOOKMARK [1][-]{section.3.1}{Le d\351veloppement de l\220application}{chapter.3}% 19
\BOOKMARK [1][-]{section.3.2}{Limites}{chapter.3}% 20
\BOOKMARK [1][-]{section.3.3}{Evolutions futures}{chapter.3}% 21
\BOOKMARK [0][-]{chapter*.13}{Conclusion}{}% 22
\BOOKMARK [-1][-]{part*.14}{Annexes}{}% 23
\BOOKMARK [0][-]{appendix.A}{Applications Freepod - Cahier des charges}{part*.14}% 24
\BOOKMARK [0][-]{appendix.B}{Mode d'emploi du l'interface web d'administration}{part*.14}% 25
\BOOKMARK [0][-]{appendix.C}{Documentation du Web Service}{part*.14}% 26
\BOOKMARK [0][-]{appendix.C}{Bibliographie}{part*.14}% 27
